[2025-04-22 23:24:50,416] 1025 httpx - INFO - HTTP Request: POST https://dagshub.com/login/oauth/middleman "HTTP/1.1 200 OK"
[2025-04-22 23:24:50,857] 1025 httpx - INFO - HTTP Request: POST https://dagshub.com/login/oauth/access_token "HTTP/1.1 200 OK"
[2025-04-22 23:24:51,293] 1025 httpx - INFO - HTTP Request: GET https://dagshub.com/api/v1/user "HTTP/1.1 200 OK"
[2025-04-22 23:24:51,304] 107 dagshub - INFO - Accessing as Bharat34816
[2025-04-22 23:24:51,766] 1025 httpx - INFO - HTTP Request: GET https://dagshub.com/api/v1/repos/Bharat34816/networksecurity_mlops "HTTP/1.1 200 OK"
[2025-04-22 23:24:52,207] 1025 httpx - INFO - HTTP Request: GET https://dagshub.com/api/v1/user "HTTP/1.1 200 OK"
[2025-04-22 23:24:52,212] 107 dagshub - INFO - Initialized MLflow to track repo "Bharat34816/networksecurity_mlops"
[2025-04-22 23:24:52,216] 107 dagshub - INFO - Repository Bharat34816/networksecurity_mlops initialized!
[2025-04-22 23:24:52,216] 16 root - INFO - Data ingestion initiated
[2025-04-22 23:24:59,800] 61 root - INFO - Performed train test split on the dataframe
[2025-04-22 23:24:59,801] 63 root - INFO - Exited split_data_as_train_test method of Data_Ingestion class
[2025-04-22 23:24:59,802] 71 root - INFO - Exporting train and test file path.
[2025-04-22 23:24:59,956] 80 root - INFO - Exported train and test file path.
[2025-04-22 23:24:59,957] 18 root - INFO - Data ingestion completed
[2025-04-22 23:24:59,984] 22 root - INFO - Data vailidation initiated
[2025-04-22 23:25:00,150] 39 root - INFO - Required number of columns:2
[2025-04-22 23:25:00,151] 40 root - INFO - Data frame has columns:31
[2025-04-22 23:25:00,151] 39 root - INFO - Required number of columns:2
[2025-04-22 23:25:00,151] 40 root - INFO - Data frame has columns:31
[2025-04-22 23:25:01,039] 24 root - INFO - Data Validation complleted
[2025-04-22 23:25:01,042] 26 root - INFO - Data transformation started
[2025-04-22 23:25:01,042] 47 root - INFO - Entered initiate data transformation method of DataTransformation class
[2025-04-22 23:25:01,043] 49 root - INFO - Starting data transformation
[2025-04-22 23:25:01,111] 35 root - INFO - Entered get_data_transformer obj method of transformation class
[2025-04-22 23:25:01,112] 38 root - INFO - Initialise KNNImputer with {'missing_values': nan, 'n_neighbors': 3, 'weights': 'uniform'}
[2025-04-22 23:25:01,179] 42 root - INFO - Entered the save_object method of MainUtils class
[2025-04-22 23:25:01,189] 46 root - INFO - Exited the save_object method of MainUtils class
[2025-04-22 23:25:01,195] 31 root - INFO - data transformation done
[2025-04-22 23:25:01,195] 32 root - INFO - Model Training started
[2025-04-22 23:28:47,015] 42 root - INFO - Entered the save_object method of MainUtils class
[2025-04-22 23:28:47,158] 46 root - INFO - Exited the save_object method of MainUtils class
[2025-04-22 23:28:47,158] 109 root - INFO - Model trainer artifact: ModelTrainerArtifact(trained_model_file_path='Artifacts\\04_22_2025_23_22_39\\model_trainer\\trained_model\\model.pkl', train_metric_artifact=ClassificationMetricArtifact(f1_score=0.9913573970513472, precision_score=0.989646772228989, recall_score=0.9930739458138114), test_metric_artifact=ClassificationMetricArtifact(f1_score=0.9732961339178956, precision_score=0.9682791435368755, recall_score=0.9783653846153846))
[2025-04-22 23:28:47,165] 36 root - INFO - Model Training artfiact created
