[2025-04-23 23:53:37,765] 1025 httpx - INFO - HTTP Request: GET https://dagshub.com/api/v1/user "HTTP/1.1 200 OK"
[2025-04-23 23:53:37,776] 107 dagshub - INFO - Accessing as Bharat34816
[2025-04-23 23:53:38,244] 1025 httpx - INFO - HTTP Request: GET https://dagshub.com/api/v1/repos/Bharat34816/networksecurity_mlops "HTTP/1.1 200 OK"
[2025-04-23 23:53:38,682] 1025 httpx - INFO - HTTP Request: GET https://dagshub.com/api/v1/user "HTTP/1.1 200 OK"
[2025-04-23 23:53:38,690] 107 dagshub - INFO - Initialized MLflow to track repo "Bharat34816/networksecurity_mlops"
[2025-04-23 23:53:38,696] 107 dagshub - INFO - Repository Bharat34816/networksecurity_mlops initialized!
[2025-04-23 23:54:55,341] 36 root - INFO - Start data Ingestion
[2025-04-23 23:55:04,812] 44 root - INFO - Successfully exported collection from MongoDB to DataFrame.
[2025-04-23 23:55:05,072] 60 root - INFO - Data exported to feature store at Artifacts\data_ingestion\feature_store\phisingData.csv.
[2025-04-23 23:55:05,085] 77 root - INFO - Performed train-test split on the DataFrame.
[2025-04-23 23:55:05,087] 86 root - INFO - Exporting train and test datasets to specified file paths.
[2025-04-23 23:55:05,343] 92 root - INFO - Train and test datasets exported successfully.
[2025-04-23 23:55:05,346] 114 root - INFO - Data ingestion completed successfully.
[2025-04-23 23:55:05,346] 39 root - INFO - Data Ingestion completed and artifact: DataIngestionArtifact(trained_file_path='Artifacts\\data_ingestion\\ingested\\train.csv', test_file_path='Artifacts\\data_ingestion\\ingested\\test.csv')
[2025-04-23 23:55:05,380] 48 root - INFO - Initiate the data Validation
[2025-04-23 23:55:05,551] 39 root - INFO - Required number of columns:31
[2025-04-23 23:55:05,551] 40 root - INFO - Data frame has columns:31
[2025-04-23 23:55:05,551] 39 root - INFO - Required number of columns:31
[2025-04-23 23:55:05,552] 40 root - INFO - Data frame has columns:31
[2025-04-23 23:55:05,851] 47 root - INFO - Entered initiate data transformation method of DataTransformation class
[2025-04-23 23:55:05,851] 49 root - INFO - Starting data transformation
[2025-04-23 23:55:05,932] 35 root - INFO - Entered get_data_transformer obj method of transformation class
[2025-04-23 23:55:05,933] 38 root - INFO - Initialise KNNImputer with {'missing_values': nan, 'n_neighbors': 3, 'weights': 'uniform'}
[2025-04-23 23:55:06,023] 42 root - INFO - Entered the save_object method of MainUtils class
[2025-04-23 23:55:06,036] 46 root - INFO - Exited the save_object method of MainUtils class
[2025-04-23 23:55:06,036] 42 root - INFO - Entered the save_object method of MainUtils class
[2025-04-23 23:55:06,047] 46 root - INFO - Exited the save_object method of MainUtils class
[2025-04-24 00:02:11,538] 42 root - INFO - Entered the save_object method of MainUtils class
[2025-04-24 00:02:11,848] 46 root - INFO - Exited the save_object method of MainUtils class
[2025-04-24 00:02:11,849] 42 root - INFO - Entered the save_object method of MainUtils class
[2025-04-24 00:02:12,066] 46 root - INFO - Exited the save_object method of MainUtils class
[2025-04-24 00:02:12,067] 112 root - INFO - Model trainer artifact: ModelTrainerArtifact(trained_model_file_path='Artifacts\\04_23_2025_23_53_29\\model_trainer\\trained_model\\model.pkl', train_metric_artifact=ClassificationMetricArtifact(f1_score=0.9907586066822383, precision_score=0.9898538961038961, recall_score=0.9916649725553974), test_metric_artifact=ClassificationMetricArtifact(f1_score=0.9734085414987913, precision_score=0.9710610932475884, recall_score=0.975767366720517))
[2025-04-24 00:05:46,431] 36 root - INFO - Start data Ingestion
[2025-04-24 00:05:53,286] 44 root - INFO - Successfully exported collection from MongoDB to DataFrame.
[2025-04-24 00:05:53,424] 60 root - INFO - Data exported to feature store at Artifacts\data_ingestion\feature_store\phisingData.csv.
[2025-04-24 00:05:53,431] 77 root - INFO - Performed train-test split on the DataFrame.
[2025-04-24 00:05:53,434] 86 root - INFO - Exporting train and test datasets to specified file paths.
[2025-04-24 00:05:53,572] 92 root - INFO - Train and test datasets exported successfully.
[2025-04-24 00:05:53,573] 114 root - INFO - Data ingestion completed successfully.
[2025-04-24 00:05:53,573] 39 root - INFO - Data Ingestion completed and artifact: DataIngestionArtifact(trained_file_path='Artifacts\\data_ingestion\\ingested\\train.csv', test_file_path='Artifacts\\data_ingestion\\ingested\\test.csv')
[2025-04-24 00:05:53,583] 48 root - INFO - Initiate the data Validation
[2025-04-24 00:05:53,723] 39 root - INFO - Required number of columns:31
[2025-04-24 00:05:53,723] 40 root - INFO - Data frame has columns:31
[2025-04-24 00:05:53,723] 39 root - INFO - Required number of columns:31
[2025-04-24 00:05:53,723] 40 root - INFO - Data frame has columns:31
[2025-04-24 00:05:53,866] 47 root - INFO - Entered initiate data transformation method of DataTransformation class
[2025-04-24 00:05:53,867] 49 root - INFO - Starting data transformation
[2025-04-24 00:05:53,902] 35 root - INFO - Entered get_data_transformer obj method of transformation class
[2025-04-24 00:05:53,902] 38 root - INFO - Initialise KNNImputer with {'missing_values': nan, 'n_neighbors': 3, 'weights': 'uniform'}
[2025-04-24 00:05:53,920] 42 root - INFO - Entered the save_object method of MainUtils class
[2025-04-24 00:05:53,925] 46 root - INFO - Exited the save_object method of MainUtils class
[2025-04-24 00:05:53,925] 42 root - INFO - Entered the save_object method of MainUtils class
[2025-04-24 00:05:53,930] 46 root - INFO - Exited the save_object method of MainUtils class
[2025-04-24 00:11:00,209] 42 root - INFO - Entered the save_object method of MainUtils class
[2025-04-24 00:11:00,431] 46 root - INFO - Exited the save_object method of MainUtils class
[2025-04-24 00:11:00,431] 42 root - INFO - Entered the save_object method of MainUtils class
[2025-04-24 00:11:00,747] 46 root - INFO - Exited the save_object method of MainUtils class
[2025-04-24 00:11:00,748] 112 root - INFO - Model trainer artifact: ModelTrainerArtifact(trained_model_file_path='Artifacts\\04_23_2025_23_53_29\\model_trainer\\trained_model\\model.pkl', train_metric_artifact=ClassificationMetricArtifact(f1_score=0.9905324239030846, precision_score=0.9882185659150924, recall_score=0.9928571428571429), test_metric_artifact=ClassificationMetricArtifact(f1_score=0.9754358161648178, precision_score=0.9715864246250987, recall_score=0.979315831344471))
