[2025-04-23 14:03:33,078] 1025 httpx - INFO - HTTP Request: GET https://dagshub.com/api/v1/user "HTTP/1.1 200 OK"
[2025-04-23 14:03:33,085] 107 dagshub - INFO - Accessing as Bharat34816
[2025-04-23 14:03:33,694] 1025 httpx - INFO - HTTP Request: GET https://dagshub.com/api/v1/repos/Bharat34816/networksecurity_mlops "HTTP/1.1 200 OK"
[2025-04-23 14:03:34,206] 1025 httpx - INFO - HTTP Request: GET https://dagshub.com/api/v1/user "HTTP/1.1 200 OK"
[2025-04-23 14:03:34,209] 107 dagshub - INFO - Initialized MLflow to track repo "Bharat34816/networksecurity_mlops"
[2025-04-23 14:03:34,211] 107 dagshub - INFO - Repository Bharat34816/networksecurity_mlops initialized!
[2025-04-23 14:03:43,739] 32 root - INFO - Start data Ingestion
[2025-04-23 14:03:53,266] 44 root - INFO - Successfully exported collection from MongoDB to DataFrame.
[2025-04-23 14:03:53,335] 60 root - INFO - Data exported to feature store at Artifacts\data_ingestion\feature_store\phisingData.csv.
[2025-04-23 14:03:53,339] 77 root - INFO - Performed train-test split on the DataFrame.
[2025-04-23 14:03:53,340] 86 root - INFO - Exporting train and test datasets to specified file paths.
[2025-04-23 14:03:53,406] 92 root - INFO - Train and test datasets exported successfully.
[2025-04-23 14:03:53,407] 114 root - INFO - Data ingestion completed successfully.
[2025-04-23 14:03:53,407] 35 root - INFO - Data Ingestion completed and artifact: DataIngestionArtifact(trained_file_path='Artifacts\\data_ingestion\\ingested\\train.csv', test_file_path='Artifacts\\data_ingestion\\ingested\\test.csv')
[2025-04-23 14:03:53,416] 44 root - INFO - Initiate the data Validation
[2025-04-23 14:03:53,505] 39 root - INFO - Required number of columns:31
[2025-04-23 14:03:53,505] 40 root - INFO - Data frame has columns:31
[2025-04-23 14:03:53,505] 39 root - INFO - Required number of columns:31
[2025-04-23 14:03:53,506] 40 root - INFO - Data frame has columns:31
[2025-04-23 14:03:53,640] 47 root - INFO - Entered initiate data transformation method of DataTransformation class
[2025-04-23 14:03:53,640] 49 root - INFO - Starting data transformation
[2025-04-23 14:03:53,676] 35 root - INFO - Entered get_data_transformer obj method of transformation class
[2025-04-23 14:03:53,676] 38 root - INFO - Initialise KNNImputer with {'missing_values': nan, 'n_neighbors': 3, 'weights': 'uniform'}
[2025-04-23 14:03:53,698] 42 root - INFO - Entered the save_object method of MainUtils class
[2025-04-23 14:03:53,703] 46 root - INFO - Exited the save_object method of MainUtils class
[2025-04-23 14:03:53,703] 42 root - INFO - Entered the save_object method of MainUtils class
[2025-04-23 14:03:53,709] 46 root - INFO - Exited the save_object method of MainUtils class
[2025-04-23 14:06:32,151] 42 root - INFO - Entered the save_object method of MainUtils class
[2025-04-23 14:06:32,217] 46 root - INFO - Exited the save_object method of MainUtils class
[2025-04-23 14:06:32,217] 42 root - INFO - Entered the save_object method of MainUtils class
[2025-04-23 14:06:32,258] 46 root - INFO - Exited the save_object method of MainUtils class
[2025-04-23 14:06:32,258] 112 root - INFO - Model trainer artifact: ModelTrainerArtifact(trained_model_file_path='Artifacts\\04_23_2025_14_03_27\\model_trainer\\trained_model\\model.pkl', train_metric_artifact=ClassificationMetricArtifact(f1_score=0.990810865394325, precision_score=0.9889135254988913, recall_score=0.9927154997976527), test_metric_artifact=ClassificationMetricArtifact(f1_score=0.9742331288343559, precision_score=0.9682926829268292, recall_score=0.980246913580247))
